{"C:\\Users\\srfer\\OneDrive\\Documentos\\UNI\\Html\\tercero\\Ejercicio del Tema 8\\src\\app.js": {"path":"C:\\Users\\srfer\\OneDrive\\Documentos\\UNI\\Html\\tercero\\Ejercicio del Tema 8\\src\\app.js","statementMap":{"0":{"start":{"line":6,"column":12},"end":{"line":6,"column":21}},"1":{"start":{"line":8,"column":0},"end":{"line":8,"column":24}},"2":{"start":{"line":10,"column":0},"end":{"line":10,"column":18}},"3":{"start":{"line":12,"column":0},"end":{"line":12,"column":33}},"4":{"start":{"line":13,"column":0},"end":{"line":13,"column":40}}},"fnMap":{},"branchMap":{},"s":{"0":2,"1":2,"2":2,"3":2,"4":2},"f":{},"b":{},"inputSourceMap":null,"_coverageSchema":"1a1c01bbd47fc00a2c39e90264f33305004495a9","hash":"9667ccf3f7de53196312dfe4196d9d5899f0257d"}
,"C:\\Users\\srfer\\OneDrive\\Documentos\\UNI\\Html\\tercero\\Ejercicio del Tema 8\\src\\config\\db.js": {"path":"C:\\Users\\srfer\\OneDrive\\Documentos\\UNI\\Html\\tercero\\Ejercicio del Tema 8\\src\\config\\db.js","statementMap":{"0":{"start":{"line":3,"column":0},"end":{"line":3,"column":16}},"1":{"start":{"line":5,"column":18},"end":{"line":22,"column":1}},"2":{"start":{"line":6,"column":2},"end":{"line":21,"column":3}},"3":{"start":{"line":7,"column":16},"end":{"line":9,"column":31}},"4":{"start":{"line":11,"column":4},"end":{"line":13,"column":5}},"5":{"start":{"line":12,"column":6},"end":{"line":12,"column":78}},"6":{"start":{"line":15,"column":17},"end":{"line":15,"column":44}},"7":{"start":{"line":16,"column":4},"end":{"line":16,"column":92}},"8":{"start":{"line":17,"column":4},"end":{"line":17,"column":16}},"9":{"start":{"line":19,"column":4},"end":{"line":19,"column":67}},"10":{"start":{"line":20,"column":4},"end":{"line":20,"column":20}}},"fnMap":{"0":{"name":"(anonymous_0)","decl":{"start":{"line":5,"column":18},"end":{"line":5,"column":19}},"loc":{"start":{"line":5,"column":30},"end":{"line":22,"column":1}},"line":5}},"branchMap":{"0":{"loc":{"start":{"line":7,"column":16},"end":{"line":9,"column":31}},"type":"cond-expr","locations":[{"start":{"line":8,"column":8},"end":{"line":8,"column":36}},{"start":{"line":9,"column":8},"end":{"line":9,"column":31}}],"line":7},"1":{"loc":{"start":{"line":11,"column":4},"end":{"line":13,"column":5}},"type":"if","locations":[{"start":{"line":11,"column":4},"end":{"line":13,"column":5}},{"start":{},"end":{}}],"line":11}},"s":{"0":2,"1":2,"2":2,"3":2,"4":2,"5":0,"6":2,"7":2,"8":2,"9":0,"10":0},"f":{"0":2},"b":{"0":[2,0],"1":[0,2]},"inputSourceMap":null,"_coverageSchema":"1a1c01bbd47fc00a2c39e90264f33305004495a9","hash":"4772db245c5846ddaa1138588cb595715c5ce65c"}
,"C:\\Users\\srfer\\OneDrive\\Documentos\\UNI\\Html\\tercero\\Ejercicio del Tema 8\\src\\controllers\\auth.controller.js": {"path":"C:\\Users\\srfer\\OneDrive\\Documentos\\UNI\\Html\\tercero\\Ejercicio del Tema 8\\src\\controllers\\auth.controller.js","statementMap":{"0":{"start":{"line":5,"column":22},"end":{"line":9,"column":1}},"1":{"start":{"line":6,"column":2},"end":{"line":8,"column":5}},"2":{"start":{"line":11,"column":24},"end":{"line":49,"column":1}},"3":{"start":{"line":12,"column":2},"end":{"line":48,"column":3}},"4":{"start":{"line":13,"column":44},"end":{"line":13,"column":52}},"5":{"start":{"line":15,"column":4},"end":{"line":17,"column":5}},"6":{"start":{"line":16,"column":6},"end":{"line":16,"column":99}},"7":{"start":{"line":19,"column":25},"end":{"line":19,"column":54}},"8":{"start":{"line":20,"column":4},"end":{"line":22,"column":5}},"9":{"start":{"line":21,"column":6},"end":{"line":21,"column":89}},"10":{"start":{"line":24,"column":17},"end":{"line":24,"column":41}},"11":{"start":{"line":25,"column":27},"end":{"line":25,"column":60}},"12":{"start":{"line":27,"column":17},"end":{"line":32,"column":6}},"13":{"start":{"line":34,"column":4},"end":{"line":42,"column":7}},"14":{"start":{"line":44,"column":4},"end":{"line":46,"column":5}},"15":{"start":{"line":45,"column":7},"end":{"line":45,"column":110}},"16":{"start":{"line":45,"column":83},"end":{"line":45,"column":94}},"17":{"start":{"line":47,"column":4},"end":{"line":47,"column":87}},"18":{"start":{"line":51,"column":21},"end":{"line":84,"column":1}},"19":{"start":{"line":52,"column":2},"end":{"line":83,"column":3}},"20":{"start":{"line":53,"column":32},"end":{"line":53,"column":40}},"21":{"start":{"line":55,"column":4},"end":{"line":57,"column":5}},"22":{"start":{"line":56,"column":6},"end":{"line":56,"column":93}},"23":{"start":{"line":59,"column":17},"end":{"line":59,"column":46}},"24":{"start":{"line":60,"column":4},"end":{"line":62,"column":5}},"25":{"start":{"line":61,"column":6},"end":{"line":61,"column":71}},"26":{"start":{"line":64,"column":20},"end":{"line":64,"column":65}},"27":{"start":{"line":65,"column":4},"end":{"line":67,"column":5}},"28":{"start":{"line":66,"column":6},"end":{"line":66,"column":71}},"29":{"start":{"line":69,"column":18},"end":{"line":69,"column":41}},"30":{"start":{"line":71,"column":4},"end":{"line":80,"column":7}},"31":{"start":{"line":82,"column":4},"end":{"line":82,"column":84}},"32":{"start":{"line":86,"column":21},"end":{"line":92,"column":1}},"33":{"start":{"line":87,"column":2},"end":{"line":91,"column":3}},"34":{"start":{"line":88,"column":4},"end":{"line":88,"column":45}},"35":{"start":{"line":90,"column":4},"end":{"line":90,"column":87}}},"fnMap":{"0":{"name":"(anonymous_0)","decl":{"start":{"line":5,"column":22},"end":{"line":5,"column":23}},"loc":{"start":{"line":5,"column":34},"end":{"line":9,"column":1}},"line":5},"1":{"name":"(anonymous_1)","decl":{"start":{"line":11,"column":24},"end":{"line":11,"column":25}},"loc":{"start":{"line":11,"column":44},"end":{"line":49,"column":1}},"line":11},"2":{"name":"(anonymous_2)","decl":{"start":{"line":45,"column":76},"end":{"line":45,"column":77}},"loc":{"start":{"line":45,"column":83},"end":{"line":45,"column":94}},"line":45},"3":{"name":"(anonymous_3)","decl":{"start":{"line":51,"column":21},"end":{"line":51,"column":22}},"loc":{"start":{"line":51,"column":41},"end":{"line":84,"column":1}},"line":51},"4":{"name":"(anonymous_4)","decl":{"start":{"line":86,"column":21},"end":{"line":86,"column":22}},"loc":{"start":{"line":86,"column":41},"end":{"line":92,"column":1}},"line":86}},"branchMap":{"0":{"loc":{"start":{"line":7,"column":15},"end":{"line":7,"column":49}},"type":"binary-expr","locations":[{"start":{"line":7,"column":15},"end":{"line":7,"column":41}},{"start":{"line":7,"column":45},"end":{"line":7,"column":49}}],"line":7},"1":{"loc":{"start":{"line":15,"column":4},"end":{"line":17,"column":5}},"type":"if","locations":[{"start":{"line":15,"column":4},"end":{"line":17,"column":5}},{"start":{},"end":{}}],"line":15},"2":{"loc":{"start":{"line":15,"column":8},"end":{"line":15,"column":36}},"type":"binary-expr","locations":[{"start":{"line":15,"column":8},"end":{"line":15,"column":13}},{"start":{"line":15,"column":17},"end":{"line":15,"column":23}},{"start":{"line":15,"column":27},"end":{"line":15,"column":36}}],"line":15},"3":{"loc":{"start":{"line":20,"column":4},"end":{"line":22,"column":5}},"type":"if","locations":[{"start":{"line":20,"column":4},"end":{"line":22,"column":5}},{"start":{},"end":{}}],"line":20},"4":{"loc":{"start":{"line":31,"column":12},"end":{"line":31,"column":26}},"type":"binary-expr","locations":[{"start":{"line":31,"column":12},"end":{"line":31,"column":16}},{"start":{"line":31,"column":20},"end":{"line":31,"column":26}}],"line":31},"5":{"loc":{"start":{"line":44,"column":4},"end":{"line":46,"column":5}},"type":"if","locations":[{"start":{"line":44,"column":4},"end":{"line":46,"column":5}},{"start":{},"end":{}}],"line":44},"6":{"loc":{"start":{"line":55,"column":4},"end":{"line":57,"column":5}},"type":"if","locations":[{"start":{"line":55,"column":4},"end":{"line":57,"column":5}},{"start":{},"end":{}}],"line":55},"7":{"loc":{"start":{"line":55,"column":8},"end":{"line":55,"column":27}},"type":"binary-expr","locations":[{"start":{"line":55,"column":8},"end":{"line":55,"column":14}},{"start":{"line":55,"column":18},"end":{"line":55,"column":27}}],"line":55},"8":{"loc":{"start":{"line":60,"column":4},"end":{"line":62,"column":5}},"type":"if","locations":[{"start":{"line":60,"column":4},"end":{"line":62,"column":5}},{"start":{},"end":{}}],"line":60},"9":{"loc":{"start":{"line":65,"column":4},"end":{"line":67,"column":5}},"type":"if","locations":[{"start":{"line":65,"column":4},"end":{"line":67,"column":5}},{"start":{},"end":{}}],"line":65}},"s":{"0":2,"1":14,"2":2,"3":19,"4":19,"5":19,"6":1,"7":18,"8":18,"9":1,"10":17,"11":17,"12":17,"13":17,"14":0,"15":0,"16":0,"17":0,"18":2,"19":15,"20":15,"21":15,"22":0,"23":15,"24":15,"25":0,"26":15,"27":15,"28":1,"29":14,"30":14,"31":0,"32":2,"33":1,"34":1,"35":0},"f":{"0":14,"1":19,"2":0,"3":15,"4":1},"b":{"0":[14,0],"1":[1,18],"2":[19,18,18],"3":[1,17],"4":[17,5],"5":[0,0],"6":[0,15],"7":[15,15],"8":[0,15],"9":[1,14]},"inputSourceMap":null,"_coverageSchema":"1a1c01bbd47fc00a2c39e90264f33305004495a9","hash":"f3376d5e1b4cb1605ad395cd1164c11596a25dff"}
,"C:\\Users\\srfer\\OneDrive\\Documentos\\UNI\\Html\\tercero\\Ejercicio del Tema 8\\src\\controllers\\podcasts.controller.js": {"path":"C:\\Users\\srfer\\OneDrive\\Documentos\\UNI\\Html\\tercero\\Ejercicio del Tema 8\\src\\controllers\\podcasts.controller.js","statementMap":{"0":{"start":{"line":3,"column":36},"end":{"line":10,"column":1}},"1":{"start":{"line":4,"column":2},"end":{"line":9,"column":3}},"2":{"start":{"line":5,"column":21},"end":{"line":5,"column":93}},"3":{"start":{"line":6,"column":4},"end":{"line":6,"column":35}},"4":{"start":{"line":8,"column":4},"end":{"line":8,"column":65}},"5":{"start":{"line":12,"column":30},"end":{"line":22,"column":1}},"6":{"start":{"line":13,"column":2},"end":{"line":21,"column":3}},"7":{"start":{"line":14,"column":20},"end":{"line":14,"column":115}},"8":{"start":{"line":15,"column":4},"end":{"line":17,"column":5}},"9":{"start":{"line":16,"column":6},"end":{"line":16,"column":85}},"10":{"start":{"line":18,"column":4},"end":{"line":18,"column":34}},"11":{"start":{"line":20,"column":4},"end":{"line":20,"column":64}},"12":{"start":{"line":24,"column":29},"end":{"line":45,"column":1}},"13":{"start":{"line":25,"column":2},"end":{"line":44,"column":3}},"14":{"start":{"line":26,"column":76},"end":{"line":26,"column":84}},"15":{"start":{"line":28,"column":20},"end":{"line":36,"column":6}},"16":{"start":{"line":38,"column":4},"end":{"line":38,"column":34}},"17":{"start":{"line":40,"column":4},"end":{"line":42,"column":5}},"18":{"start":{"line":41,"column":7},"end":{"line":41,"column":110}},"19":{"start":{"line":41,"column":83},"end":{"line":41,"column":94}},"20":{"start":{"line":43,"column":4},"end":{"line":43,"column":65}},"21":{"start":{"line":47,"column":29},"end":{"line":66,"column":1}},"22":{"start":{"line":48,"column":2},"end":{"line":65,"column":3}},"23":{"start":{"line":49,"column":20},"end":{"line":49,"column":57}},"24":{"start":{"line":50,"column":4},"end":{"line":52,"column":5}},"25":{"start":{"line":51,"column":6},"end":{"line":51,"column":70}},"26":{"start":{"line":54,"column":4},"end":{"line":56,"column":5}},"27":{"start":{"line":55,"column":6},"end":{"line":55,"column":95}},"28":{"start":{"line":58,"column":27},"end":{"line":58,"column":119}},"29":{"start":{"line":59,"column":4},"end":{"line":59,"column":41}},"30":{"start":{"line":61,"column":4},"end":{"line":63,"column":5}},"31":{"start":{"line":62,"column":7},"end":{"line":62,"column":110}},"32":{"start":{"line":62,"column":83},"end":{"line":62,"column":94}},"33":{"start":{"line":64,"column":4},"end":{"line":64,"column":70}},"34":{"start":{"line":68,"column":29},"end":{"line":80,"column":1}},"35":{"start":{"line":69,"column":2},"end":{"line":79,"column":3}},"36":{"start":{"line":70,"column":20},"end":{"line":70,"column":57}},"37":{"start":{"line":71,"column":4},"end":{"line":73,"column":5}},"38":{"start":{"line":72,"column":6},"end":{"line":72,"column":70}},"39":{"start":{"line":75,"column":4},"end":{"line":75,"column":51}},"40":{"start":{"line":76,"column":4},"end":{"line":76,"column":72}},"41":{"start":{"line":78,"column":4},"end":{"line":78,"column":68}},"42":{"start":{"line":82,"column":35},"end":{"line":89,"column":1}},"43":{"start":{"line":83,"column":2},"end":{"line":88,"column":3}},"44":{"start":{"line":84,"column":21},"end":{"line":84,"column":74}},"45":{"start":{"line":85,"column":4},"end":{"line":85,"column":35}},"46":{"start":{"line":87,"column":4},"end":{"line":87,"column":75}},"47":{"start":{"line":91,"column":36},"end":{"line":105,"column":1}},"48":{"start":{"line":92,"column":2},"end":{"line":104,"column":3}},"49":{"start":{"line":93,"column":20},"end":{"line":93,"column":57}},"50":{"start":{"line":94,"column":4},"end":{"line":96,"column":5}},"51":{"start":{"line":95,"column":6},"end":{"line":95,"column":70}},"52":{"start":{"line":98,"column":4},"end":{"line":98,"column":43}},"53":{"start":{"line":99,"column":4},"end":{"line":99,"column":25}},"54":{"start":{"line":101,"column":4},"end":{"line":101,"column":34}},"55":{"start":{"line":103,"column":4},"end":{"line":103,"column":78}}},"fnMap":{"0":{"name":"(anonymous_0)","decl":{"start":{"line":3,"column":36},"end":{"line":3,"column":37}},"loc":{"start":{"line":3,"column":56},"end":{"line":10,"column":1}},"line":3},"1":{"name":"(anonymous_1)","decl":{"start":{"line":12,"column":30},"end":{"line":12,"column":31}},"loc":{"start":{"line":12,"column":50},"end":{"line":22,"column":1}},"line":12},"2":{"name":"(anonymous_2)","decl":{"start":{"line":24,"column":29},"end":{"line":24,"column":30}},"loc":{"start":{"line":24,"column":49},"end":{"line":45,"column":1}},"line":24},"3":{"name":"(anonymous_3)","decl":{"start":{"line":41,"column":76},"end":{"line":41,"column":77}},"loc":{"start":{"line":41,"column":83},"end":{"line":41,"column":94}},"line":41},"4":{"name":"(anonymous_4)","decl":{"start":{"line":47,"column":29},"end":{"line":47,"column":30}},"loc":{"start":{"line":47,"column":49},"end":{"line":66,"column":1}},"line":47},"5":{"name":"(anonymous_5)","decl":{"start":{"line":62,"column":76},"end":{"line":62,"column":77}},"loc":{"start":{"line":62,"column":83},"end":{"line":62,"column":94}},"line":62},"6":{"name":"(anonymous_6)","decl":{"start":{"line":68,"column":29},"end":{"line":68,"column":30}},"loc":{"start":{"line":68,"column":49},"end":{"line":80,"column":1}},"line":68},"7":{"name":"(anonymous_7)","decl":{"start":{"line":82,"column":35},"end":{"line":82,"column":36}},"loc":{"start":{"line":82,"column":55},"end":{"line":89,"column":1}},"line":82},"8":{"name":"(anonymous_8)","decl":{"start":{"line":91,"column":36},"end":{"line":91,"column":37}},"loc":{"start":{"line":91,"column":56},"end":{"line":105,"column":1}},"line":91}},"branchMap":{"0":{"loc":{"start":{"line":15,"column":4},"end":{"line":17,"column":5}},"type":"if","locations":[{"start":{"line":15,"column":4},"end":{"line":17,"column":5}},{"start":{},"end":{}}],"line":15},"1":{"loc":{"start":{"line":40,"column":4},"end":{"line":42,"column":5}},"type":"if","locations":[{"start":{"line":40,"column":4},"end":{"line":42,"column":5}},{"start":{},"end":{}}],"line":40},"2":{"loc":{"start":{"line":50,"column":4},"end":{"line":52,"column":5}},"type":"if","locations":[{"start":{"line":50,"column":4},"end":{"line":52,"column":5}},{"start":{},"end":{}}],"line":50},"3":{"loc":{"start":{"line":54,"column":4},"end":{"line":56,"column":5}},"type":"if","locations":[{"start":{"line":54,"column":4},"end":{"line":56,"column":5}},{"start":{},"end":{}}],"line":54},"4":{"loc":{"start":{"line":54,"column":8},"end":{"line":54,"column":90}},"type":"binary-expr","locations":[{"start":{"line":54,"column":8},"end":{"line":54,"column":61}},{"start":{"line":54,"column":65},"end":{"line":54,"column":90}}],"line":54},"5":{"loc":{"start":{"line":61,"column":4},"end":{"line":63,"column":5}},"type":"if","locations":[{"start":{"line":61,"column":4},"end":{"line":63,"column":5}},{"start":{},"end":{}}],"line":61},"6":{"loc":{"start":{"line":71,"column":4},"end":{"line":73,"column":5}},"type":"if","locations":[{"start":{"line":71,"column":4},"end":{"line":73,"column":5}},{"start":{},"end":{}}],"line":71},"7":{"loc":{"start":{"line":94,"column":4},"end":{"line":96,"column":5}},"type":"if","locations":[{"start":{"line":94,"column":4},"end":{"line":96,"column":5}},{"start":{},"end":{}}],"line":94}},"s":{"0":2,"1":1,"2":1,"3":1,"4":0,"5":2,"6":0,"7":0,"8":0,"9":0,"10":0,"11":0,"12":2,"13":1,"14":1,"15":1,"16":1,"17":0,"18":0,"19":0,"20":0,"21":2,"22":0,"23":0,"24":0,"25":0,"26":0,"27":0,"28":0,"29":0,"30":0,"31":0,"32":0,"33":0,"34":2,"35":1,"36":1,"37":1,"38":0,"39":1,"40":1,"41":0,"42":2,"43":1,"44":1,"45":1,"46":0,"47":2,"48":0,"49":0,"50":0,"51":0,"52":0,"53":0,"54":0,"55":0},"f":{"0":1,"1":0,"2":1,"3":0,"4":0,"5":0,"6":1,"7":1,"8":0},"b":{"0":[0,0],"1":[0,0],"2":[0,0],"3":[0,0],"4":[0,0],"5":[0,0],"6":[0,1],"7":[0,0]},"inputSourceMap":null,"_coverageSchema":"1a1c01bbd47fc00a2c39e90264f33305004495a9","hash":"1c45d3925c70cf8b30c4023301e3076ae491b40d"}
,"C:\\Users\\srfer\\OneDrive\\Documentos\\UNI\\Html\\tercero\\Ejercicio del Tema 8\\src\\docs\\swagger.js": {"path":"C:\\Users\\srfer\\OneDrive\\Documentos\\UNI\\Html\\tercero\\Ejercicio del Tema 8\\src\\docs\\swagger.js","statementMap":{"0":{"start":{"line":4,"column":16},"end":{"line":85,"column":1}},"1":{"start":{"line":87,"column":14},"end":{"line":87,"column":35}},"2":{"start":{"line":89,"column":28},"end":{"line":91,"column":1}},"3":{"start":{"line":90,"column":2},"end":{"line":90,"column":64}}},"fnMap":{"0":{"name":"(anonymous_0)","decl":{"start":{"line":89,"column":28},"end":{"line":89,"column":29}},"loc":{"start":{"line":89,"column":37},"end":{"line":91,"column":1}},"line":89}},"branchMap":{},"s":{"0":2,"1":2,"2":2,"3":2},"f":{"0":2},"b":{},"inputSourceMap":null,"_coverageSchema":"1a1c01bbd47fc00a2c39e90264f33305004495a9","hash":"c72f9b106b006d52b1873ecc7e8f6e02fda4a114"}
,"C:\\Users\\srfer\\OneDrive\\Documentos\\UNI\\Html\\tercero\\Ejercicio del Tema 8\\src\\middleware\\rol.middleware.js": {"path":"C:\\Users\\srfer\\OneDrive\\Documentos\\UNI\\Html\\tercero\\Ejercicio del Tema 8\\src\\middleware\\rol.middleware.js","statementMap":{"0":{"start":{"line":1,"column":27},"end":{"line":13,"column":1}},"1":{"start":{"line":2,"column":2},"end":{"line":12,"column":4}},"2":{"start":{"line":3,"column":4},"end":{"line":5,"column":5}},"3":{"start":{"line":4,"column":6},"end":{"line":4,"column":69}},"4":{"start":{"line":7,"column":4},"end":{"line":9,"column":5}},"5":{"start":{"line":8,"column":6},"end":{"line":8,"column":82}},"6":{"start":{"line":11,"column":4},"end":{"line":11,"column":11}}},"fnMap":{"0":{"name":"(anonymous_0)","decl":{"start":{"line":1,"column":27},"end":{"line":1,"column":28}},"loc":{"start":{"line":1,"column":45},"end":{"line":13,"column":1}},"line":1},"1":{"name":"(anonymous_1)","decl":{"start":{"line":2,"column":9},"end":{"line":2,"column":10}},"loc":{"start":{"line":2,"column":29},"end":{"line":12,"column":3}},"line":2}},"branchMap":{"0":{"loc":{"start":{"line":3,"column":4},"end":{"line":5,"column":5}},"type":"if","locations":[{"start":{"line":3,"column":4},"end":{"line":5,"column":5}},{"start":{},"end":{}}],"line":3},"1":{"loc":{"start":{"line":7,"column":4},"end":{"line":9,"column":5}},"type":"if","locations":[{"start":{"line":7,"column":4},"end":{"line":9,"column":5}},{"start":{},"end":{}}],"line":7}},"s":{"0":2,"1":6,"2":4,"3":0,"4":4,"5":2,"6":2},"f":{"0":6,"1":4},"b":{"0":[0,4],"1":[2,2]},"inputSourceMap":null,"_coverageSchema":"1a1c01bbd47fc00a2c39e90264f33305004495a9","hash":"f432775750833a0cc7565af6b43948a4ff7d894c"}
,"C:\\Users\\srfer\\OneDrive\\Documentos\\UNI\\Html\\tercero\\Ejercicio del Tema 8\\src\\middleware\\session.middleware.js": {"path":"C:\\Users\\srfer\\OneDrive\\Documentos\\UNI\\Html\\tercero\\Ejercicio del Tema 8\\src\\middleware\\session.middleware.js","statementMap":{"0":{"start":{"line":4,"column":29},"end":{"line":33,"column":1}},"1":{"start":{"line":5,"column":2},"end":{"line":32,"column":3}},"2":{"start":{"line":6,"column":23},"end":{"line":6,"column":48}},"3":{"start":{"line":8,"column":4},"end":{"line":10,"column":5}},"4":{"start":{"line":9,"column":6},"end":{"line":9,"column":90}},"5":{"start":{"line":12,"column":18},"end":{"line":12,"column":42}},"6":{"start":{"line":14,"column":4},"end":{"line":16,"column":5}},"7":{"start":{"line":15,"column":6},"end":{"line":15,"column":51}},"8":{"start":{"line":18,"column":20},"end":{"line":18,"column":61}},"9":{"start":{"line":19,"column":17},"end":{"line":19,"column":72}},"10":{"start":{"line":21,"column":4},"end":{"line":23,"column":5}},"11":{"start":{"line":22,"column":6},"end":{"line":22,"column":87}},"12":{"start":{"line":25,"column":4},"end":{"line":25,"column":20}},"13":{"start":{"line":26,"column":4},"end":{"line":26,"column":11}},"14":{"start":{"line":28,"column":4},"end":{"line":30,"column":5}},"15":{"start":{"line":29,"column":6},"end":{"line":29,"column":69}},"16":{"start":{"line":31,"column":4},"end":{"line":31,"column":61}}},"fnMap":{"0":{"name":"(anonymous_0)","decl":{"start":{"line":4,"column":29},"end":{"line":4,"column":30}},"loc":{"start":{"line":4,"column":55},"end":{"line":33,"column":1}},"line":4}},"branchMap":{"0":{"loc":{"start":{"line":8,"column":4},"end":{"line":10,"column":5}},"type":"if","locations":[{"start":{"line":8,"column":4},"end":{"line":10,"column":5}},{"start":{},"end":{}}],"line":8},"1":{"loc":{"start":{"line":8,"column":8},"end":{"line":8,"column":56}},"type":"binary-expr","locations":[{"start":{"line":8,"column":8},"end":{"line":8,"column":19}},{"start":{"line":8,"column":23},"end":{"line":8,"column":56}}],"line":8},"2":{"loc":{"start":{"line":14,"column":4},"end":{"line":16,"column":5}},"type":"if","locations":[{"start":{"line":14,"column":4},"end":{"line":16,"column":5}},{"start":{},"end":{}}],"line":14},"3":{"loc":{"start":{"line":21,"column":4},"end":{"line":23,"column":5}},"type":"if","locations":[{"start":{"line":21,"column":4},"end":{"line":23,"column":5}},{"start":{},"end":{}}],"line":21},"4":{"loc":{"start":{"line":28,"column":4},"end":{"line":30,"column":5}},"type":"if","locations":[{"start":{"line":28,"column":4},"end":{"line":30,"column":5}},{"start":{},"end":{}}],"line":28}},"s":{"0":2,"1":8,"2":8,"3":8,"4":2,"5":6,"6":6,"7":0,"8":6,"9":6,"10":6,"11":0,"12":6,"13":6,"14":0,"15":0,"16":0},"f":{"0":8},"b":{"0":[2,6],"1":[8,6],"2":[0,6],"3":[0,6],"4":[0,0]},"inputSourceMap":null,"_coverageSchema":"1a1c01bbd47fc00a2c39e90264f33305004495a9","hash":"8fcbc295097194e800a2a2879882677950466b4d"}
,"C:\\Users\\srfer\\OneDrive\\Documentos\\UNI\\Html\\tercero\\Ejercicio del Tema 8\\src\\models\\podcast.model.js": {"path":"C:\\Users\\srfer\\OneDrive\\Documentos\\UNI\\Html\\tercero\\Ejercicio del Tema 8\\src\\models\\podcast.model.js","statementMap":{"0":{"start":{"line":3,"column":22},"end":{"line":42,"column":1}}},"fnMap":{},"branchMap":{},"s":{"0":2},"f":{},"b":{},"inputSourceMap":null,"_coverageSchema":"1a1c01bbd47fc00a2c39e90264f33305004495a9","hash":"7aeb009a4acb15b36bed1fac79bc2bab42ec2c56"}
,"C:\\Users\\srfer\\OneDrive\\Documentos\\UNI\\Html\\tercero\\Ejercicio del Tema 8\\src\\models\\user.model.js": {"path":"C:\\Users\\srfer\\OneDrive\\Documentos\\UNI\\Html\\tercero\\Ejercicio del Tema 8\\src\\models\\user.model.js","statementMap":{"0":{"start":{"line":3,"column":19},"end":{"line":33,"column":1}}},"fnMap":{},"branchMap":{},"s":{"0":2},"f":{},"b":{},"inputSourceMap":null,"_coverageSchema":"1a1c01bbd47fc00a2c39e90264f33305004495a9","hash":"2324c942a23e320239a64d4cbe4bd26dd2884356"}
,"C:\\Users\\srfer\\OneDrive\\Documentos\\UNI\\Html\\tercero\\Ejercicio del Tema 8\\src\\routes\\auth.routes.js": {"path":"C:\\Users\\srfer\\OneDrive\\Documentos\\UNI\\Html\\tercero\\Ejercicio del Tema 8\\src\\routes\\auth.routes.js","statementMap":{"0":{"start":{"line":5,"column":15},"end":{"line":5,"column":31}},"1":{"start":{"line":41,"column":0},"end":{"line":41,"column":35}},"2":{"start":{"line":73,"column":0},"end":{"line":73,"column":29}},"3":{"start":{"line":93,"column":0},"end":{"line":93,"column":40}}},"fnMap":{},"branchMap":{},"s":{"0":2,"1":2,"2":2,"3":2},"f":{},"b":{},"inputSourceMap":null,"_coverageSchema":"1a1c01bbd47fc00a2c39e90264f33305004495a9","hash":"de76dcdcfdec019df4b02cf5d1bc03ae76dd0d03"}
,"C:\\Users\\srfer\\OneDrive\\Documentos\\UNI\\Html\\tercero\\Ejercicio del Tema 8\\src\\routes\\podcasts.routes.js": {"path":"C:\\Users\\srfer\\OneDrive\\Documentos\\UNI\\Html\\tercero\\Ejercicio del Tema 8\\src\\routes\\podcasts.routes.js","statementMap":{"0":{"start":{"line":14,"column":15},"end":{"line":14,"column":31}},"1":{"start":{"line":32,"column":0},"end":{"line":32,"column":38}},"2":{"start":{"line":48,"column":0},"end":{"line":48,"column":83}},"3":{"start":{"line":72,"column":0},"end":{"line":72,"column":35}},"4":{"start":{"line":94,"column":0},"end":{"line":94,"column":47}},"5":{"start":{"line":122,"column":0},"end":{"line":122,"column":49}},"6":{"start":{"line":144,"column":0},"end":{"line":144,"column":74}},"7":{"start":{"line":166,"column":0},"end":{"line":166,"column":88}}},"fnMap":{},"branchMap":{},"s":{"0":2,"1":2,"2":2,"3":2,"4":2,"5":2,"6":2,"7":2},"f":{},"b":{},"inputSourceMap":null,"_coverageSchema":"1a1c01bbd47fc00a2c39e90264f33305004495a9","hash":"d697cdae1334d5b1396a638373968df9e626992b"}
}
