TN:
SF:src\app.js
FNF:0
FNH:0
DA:6,2
DA:8,2
DA:10,2
DA:12,2
DA:13,2
LF:5
LH:5
BRF:0
BRH:0
end_of_record
TN:
SF:src\config\db.js
FN:5,(anonymous_0)
FNF:1
FNH:1
FNDA:2,(anonymous_0)
DA:3,2
DA:5,2
DA:6,2
DA:7,2
DA:11,2
DA:12,0
DA:15,2
DA:16,2
DA:17,2
DA:19,0
DA:20,0
LF:11
LH:8
BRDA:7,0,0,2
BRDA:7,0,1,0
BRDA:11,1,0,0
BRDA:11,1,1,2
BRF:4
BRH:2
end_of_record
TN:
SF:src\controllers\auth.controller.js
FN:5,(anonymous_0)
FN:11,(anonymous_1)
FN:45,(anonymous_2)
FN:51,(anonymous_3)
FN:86,(anonymous_4)
FNF:5
FNH:4
FNDA:14,(anonymous_0)
FNDA:19,(anonymous_1)
FNDA:0,(anonymous_2)
FNDA:15,(anonymous_3)
FNDA:1,(anonymous_4)
DA:5,2
DA:6,14
DA:11,2
DA:12,19
DA:13,19
DA:15,19
DA:16,1
DA:19,18
DA:20,18
DA:21,1
DA:24,17
DA:25,17
DA:27,17
DA:34,17
DA:44,0
DA:45,0
DA:47,0
DA:51,2
DA:52,15
DA:53,15
DA:55,15
DA:56,0
DA:59,15
DA:60,15
DA:61,0
DA:64,15
DA:65,15
DA:66,1
DA:69,14
DA:71,14
DA:82,0
DA:86,2
DA:87,1
DA:88,1
DA:90,0
LF:35
LH:28
BRDA:7,0,0,14
BRDA:7,0,1,0
BRDA:15,1,0,1
BRDA:15,1,1,18
BRDA:15,2,0,19
BRDA:15,2,1,18
BRDA:15,2,2,18
BRDA:20,3,0,1
BRDA:20,3,1,17
BRDA:31,4,0,17
BRDA:31,4,1,5
BRDA:44,5,0,0
BRDA:44,5,1,0
BRDA:55,6,0,0
BRDA:55,6,1,15
BRDA:55,7,0,15
BRDA:55,7,1,15
BRDA:60,8,0,0
BRDA:60,8,1,15
BRDA:65,9,0,1
BRDA:65,9,1,14
BRF:21
BRH:16
end_of_record
TN:
SF:src\controllers\podcasts.controller.js
FN:3,(anonymous_0)
FN:12,(anonymous_1)
FN:24,(anonymous_2)
FN:41,(anonymous_3)
FN:47,(anonymous_4)
FN:62,(anonymous_5)
FN:68,(anonymous_6)
FN:82,(anonymous_7)
FN:91,(anonymous_8)
FNF:9
FNH:4
FNDA:1,(anonymous_0)
FNDA:0,(anonymous_1)
FNDA:1,(anonymous_2)
FNDA:0,(anonymous_3)
FNDA:0,(anonymous_4)
FNDA:0,(anonymous_5)
FNDA:1,(anonymous_6)
FNDA:1,(anonymous_7)
FNDA:0,(anonymous_8)
DA:3,2
DA:4,1
DA:5,1
DA:6,1
DA:8,0
DA:12,2
DA:13,0
DA:14,0
DA:15,0
DA:16,0
DA:18,0
DA:20,0
DA:24,2
DA:25,1
DA:26,1
DA:28,1
DA:38,1
DA:40,0
DA:41,0
DA:43,0
DA:47,2
DA:48,0
DA:49,0
DA:50,0
DA:51,0
DA:54,0
DA:55,0
DA:58,0
DA:59,0
DA:61,0
DA:62,0
DA:64,0
DA:68,2
DA:69,1
DA:70,1
DA:71,1
DA:72,0
DA:75,1
DA:76,1
DA:78,0
DA:82,2
DA:83,1
DA:84,1
DA:85,1
DA:87,0
DA:91,2
DA:92,0
DA:93,0
DA:94,0
DA:95,0
DA:98,0
DA:99,0
DA:101,0
DA:103,0
LF:54
LH:22
BRDA:15,0,0,0
BRDA:15,0,1,0
BRDA:40,1,0,0
BRDA:40,1,1,0
BRDA:50,2,0,0
BRDA:50,2,1,0
BRDA:54,3,0,0
BRDA:54,3,1,0
BRDA:54,4,0,0
BRDA:54,4,1,0
BRDA:61,5,0,0
BRDA:61,5,1,0
BRDA:71,6,0,0
BRDA:71,6,1,1
BRDA:94,7,0,0
BRDA:94,7,1,0
BRF:16
BRH:1
end_of_record
TN:
SF:src\docs\swagger.js
FN:89,(anonymous_0)
FNF:1
FNH:1
FNDA:2,(anonymous_0)
DA:4,2
DA:87,2
DA:89,2
DA:90,2
LF:4
LH:4
BRF:0
BRH:0
end_of_record
TN:
SF:src\middleware\rol.middleware.js
FN:1,(anonymous_0)
FN:2,(anonymous_1)
FNF:2
FNH:2
FNDA:6,(anonymous_0)
FNDA:4,(anonymous_1)
DA:1,2
DA:2,6
DA:3,4
DA:4,0
DA:7,4
DA:8,2
DA:11,2
LF:7
LH:6
BRDA:3,0,0,0
BRDA:3,0,1,4
BRDA:7,1,0,2
BRDA:7,1,1,2
BRF:4
BRH:3
end_of_record
TN:
SF:src\middleware\session.middleware.js
FN:4,(anonymous_0)
FNF:1
FNH:1
FNDA:8,(anonymous_0)
DA:4,2
DA:5,8
DA:6,8
DA:8,8
DA:9,2
DA:12,6
DA:14,6
DA:15,0
DA:18,6
DA:19,6
DA:21,6
DA:22,0
DA:25,6
DA:26,6
DA:28,0
DA:29,0
DA:31,0
LF:17
LH:12
BRDA:8,0,0,2
BRDA:8,0,1,6
BRDA:8,1,0,8
BRDA:8,1,1,6
BRDA:14,2,0,0
BRDA:14,2,1,6
BRDA:21,3,0,0
BRDA:21,3,1,6
BRDA:28,4,0,0
BRDA:28,4,1,0
BRF:10
BRH:6
end_of_record
TN:
SF:src\models\podcast.model.js
FNF:0
FNH:0
DA:3,2
LF:1
LH:1
BRF:0
BRH:0
end_of_record
TN:
SF:src\models\user.model.js
FNF:0
FNH:0
DA:3,2
LF:1
LH:1
BRF:0
BRH:0
end_of_record
TN:
SF:src\routes\auth.routes.js
FNF:0
FNH:0
DA:5,2
DA:41,2
DA:73,2
DA:93,2
LF:4
LH:4
BRF:0
BRH:0
end_of_record
TN:
SF:src\routes\podcasts.routes.js
FNF:0
FNH:0
DA:14,2
DA:32,2
DA:48,2
DA:72,2
DA:94,2
DA:122,2
DA:144,2
DA:166,2
LF:8
LH:8
BRF:0
BRH:0
end_of_record
